::1 - - [23/Jul/2025 17:38:52] "GET / HTTP/1.1" 200 -
::1 - - [23/Jul/2025 17:38:58] code 404, message File not found
::1 - - [23/Jul/2025 17:38:58] "GET /src/data/puzzle.json HTTP/1.1" 404 -
::1 - - [23/Jul/2025 17:38:59] "GET / HTTP/1.1" 200 -
::1 - - [23/Jul/2025 17:38:59] "GET /src/css/main.css HTTP/1.1" 200 -
::1 - - [23/Jul/2025 17:38:59] "GET /src/data/cornerstone-words.js HTTP/1.1" 200 -
::1 - - [23/Jul/2025 17:38:59] "GET /src/css/variables.css HTTP/1.1" 200 -
::1 - - [23/Jul/2025 17:38:59] "GET /src/data/word-definitions.js HTTP/1.1" 200 -
::1 - - [23/Jul/2025 17:38:59] "GET /src/css/animations.css HTTP/1.1" 200 -
::1 - - [23/Jul/2025 17:38:59] "GET /src/data/seed-words.js HTTP/1.1" 200 -
::1 - - [23/Jul/2025 17:38:59] "GET /src/js/constants.js HTTP/1.1" 200 -
::1 - - [23/Jul/2025 17:38:59] "GET /src/data/words-database-compact.js HTTP/1.1" 200 -
::1 - - [23/Jul/2025 17:38:59] "GET /src/js/wordFinder.js HTTP/1.1" 200 -
::1 - - [23/Jul/2025 17:38:59] "GET /src/js/ui.js HTTP/1.1" 200 -
::1 - - [23/Jul/2025 17:38:59] "GET /src/js/main.js HTTP/1.1" 200 -
::1 - - [23/Jul/2025 17:38:59] "GET /src/js/game.js HTTP/1.1" 200 -
::1 - - [23/Jul/2025 17:38:59] "GET /src/js/config.js HTTP/1.1" 200 -
::1 - - [23/Jul/2025 17:38:59] "GET /src/js/hints.js HTTP/1.1" 200 -
::1 - - [23/Jul/2025 17:38:59] "GET /src/js/logger.js HTTP/1.1" 200 -
::1 - - [23/Jul/2025 17:38:59] code 404, message File not found
::1 - - [23/Jul/2025 17:38:59] "GET /favicon.ico HTTP/1.1" 404 -
::1 - - [23/Jul/2025 17:40:02] "GET / HTTP/1.1" 200 -
::1 - - [23/Jul/2025 17:40:02] "GET /src/css/main.css HTTP/1.1" 200 -
::1 - - [23/Jul/2025 17:40:02] "GET /src/css/variables.css HTTP/1.1" 200 -
::1 - - [23/Jul/2025 17:40:02] "GET /src/css/animations.css HTTP/1.1" 200 -
::1 - - [23/Jul/2025 17:40:02] "GET /src/data/words-database-compact.js HTTP/1.1" 200 -
::1 - - [23/Jul/2025 17:40:02] "GET /src/data/word-definitions.js HTTP/1.1" 200 -
::1 - - [23/Jul/2025 17:40:02] "GET /src/data/seed-words.js HTTP/1.1" 200 -
::1 - - [23/Jul/2025 17:40:02] "GET /src/data/cornerstone-words.js HTTP/1.1" 200 -
::1 - - [23/Jul/2025 17:40:02] "GET /src/js/constants.js HTTP/1.1" 200 -
::1 - - [23/Jul/2025 17:40:02] "GET /src/js/ui.js HTTP/1.1" 200 -
::1 - - [23/Jul/2025 17:40:02] "GET /src/js/wordFinder.js HTTP/1.1" 200 -
::1 - - [23/Jul/2025 17:40:02] "GET /src/js/main.js HTTP/1.1" 200 -
::1 - - [23/Jul/2025 17:40:02] "GET /src/js/game.js HTTP/1.1" 200 -
::1 - - [23/Jul/2025 17:40:02] "GET /src/js/hints.js HTTP/1.1" 200 -
::1 - - [23/Jul/2025 17:40:02] "GET /src/js/config.js HTTP/1.1" 200 -
::1 - - [23/Jul/2025 17:40:02] "GET /src/js/logger.js HTTP/1.1" 200 -
::1 - - [23/Jul/2025 17:40:02] code 404, message File not found
::1 - - [23/Jul/2025 17:40:02] "GET /favicon.ico HTTP/1.1" 404 -
::1 - - [23/Jul/2025 18:25:08] "GET / HTTP/1.1" 200 -
::1 - - [23/Jul/2025 18:38:43] "GET / HTTP/1.1" 200 -
::1 - - [23/Jul/2025 18:38:43] "GET /src/data/cornerstone-words.js HTTP/1.1" 200 -
::1 - - [23/Jul/2025 18:38:43] "GET /src/js/constants.js HTTP/1.1" 304 -
::1 - - [23/Jul/2025 18:38:43] "GET /src/css/animations.css HTTP/1.1" 304 -
::1 - - [23/Jul/2025 18:38:43] "GET /src/js/ui.js HTTP/1.1" 304 -
::1 - - [23/Jul/2025 18:38:43] "GET /src/css/variables.css HTTP/1.1" 304 -
::1 - - [23/Jul/2025 18:38:43] "GET /src/data/word-definitions.js HTTP/1.1" 200 -
::1 - - [23/Jul/2025 18:38:43] "GET /src/js/wordFinder.js HTTP/1.1" 304 -
::1 - - [23/Jul/2025 18:38:43] "GET /src/js/game.js HTTP/1.1" 200 -
::1 - - [23/Jul/2025 18:38:43] "GET /src/css/main.css HTTP/1.1" 304 -
::1 - - [23/Jul/2025 18:38:43] "GET /src/js/main.js HTTP/1.1" 304 -
::1 - - [23/Jul/2025 18:38:43] "GET /src/js/config.js HTTP/1.1" 304 -
::1 - - [23/Jul/2025 18:38:43] "GET /src/js/hints.js HTTP/1.1" 304 -
::1 - - [23/Jul/2025 18:38:43] "GET /src/js/logger.js HTTP/1.1" 304 -
::1 - - [23/Jul/2025 18:38:51] "GET / HTTP/1.1" 200 -
::1 - - [23/Jul/2025 18:51:02] "GET / HTTP/1.1" 200 -
::1 - - [23/Jul/2025 18:51:02] "GET /src/css/main.css HTTP/1.1" 200 -
::1 - - [23/Jul/2025 18:51:02] "GET /src/css/animations.css HTTP/1.1" 200 -
::1 - - [23/Jul/2025 18:51:02] "GET /src/css/variables.css HTTP/1.1" 200 -
::1 - - [23/Jul/2025 18:51:02] "GET /src/data/cornerstone-words.js HTTP/1.1" 200 -
::1 - - [23/Jul/2025 18:51:02] "GET /src/data/words-database-compact.js HTTP/1.1" 200 -
::1 - - [23/Jul/2025 18:51:02] "GET /src/data/word-definitions.js HTTP/1.1" 200 -
::1 - - [23/Jul/2025 18:51:02] "GET /src/js/constants.js HTTP/1.1" 200 -
::1 - - [23/Jul/2025 18:51:02] "GET /src/data/seed-words.js HTTP/1.1" 200 -
::1 - - [23/Jul/2025 18:51:02] "GET /src/js/wordFinder.js HTTP/1.1" 200 -
::1 - - [23/Jul/2025 18:51:02] "GET /src/js/ui.js HTTP/1.1" 200 -
::1 - - [23/Jul/2025 18:51:02] "GET /src/js/game.js HTTP/1.1" 200 -
::1 - - [23/Jul/2025 18:51:02] "GET /src/js/main.js HTTP/1.1" 200 -
::1 - - [23/Jul/2025 18:51:02] "GET /src/js/config.js HTTP/1.1" 200 -
::1 - - [23/Jul/2025 18:51:02] "GET /src/js/hints.js HTTP/1.1" 200 -
::1 - - [23/Jul/2025 18:51:02] "GET /src/js/logger.js HTTP/1.1" 200 -
::1 - - [23/Jul/2025 18:51:02] code 404, message File not found
::1 - - [23/Jul/2025 18:51:02] "GET /favicon.ico HTTP/1.1" 404 -
::1 - - [23/Jul/2025 18:51:25] "GET / HTTP/1.1" 200 -
::1 - - [23/Jul/2025 18:51:25] "GET /src/css/variables.css HTTP/1.1" 200 -
::1 - - [23/Jul/2025 18:51:25] "GET /src/css/animations.css HTTP/1.1" 200 -
::1 - - [23/Jul/2025 18:51:25] "GET /src/data/words-database-compact.js HTTP/1.1" 200 -
::1 - - [23/Jul/2025 18:51:25] "GET /src/css/main.css HTTP/1.1" 200 -
::1 - - [23/Jul/2025 18:51:25] "GET /src/data/cornerstone-words.js HTTP/1.1" 200 -
::1 - - [23/Jul/2025 18:51:25] "GET /src/data/word-definitions.js HTTP/1.1" 200 -
::1 - - [23/Jul/2025 18:51:25] "GET /src/data/seed-words.js HTTP/1.1" 200 -
::1 - - [23/Jul/2025 18:51:25] "GET /src/js/constants.js HTTP/1.1" 200 -
::1 - - [23/Jul/2025 18:51:25] "GET /src/js/ui.js HTTP/1.1" 200 -
::1 - - [23/Jul/2025 18:51:25] "GET /src/js/wordFinder.js HTTP/1.1" 200 -
::1 - - [23/Jul/2025 18:51:25] "GET /src/js/main.js HTTP/1.1" 200 -
::1 - - [23/Jul/2025 18:51:25] "GET /src/js/game.js HTTP/1.1" 200 -
::1 - - [23/Jul/2025 18:51:25] "GET /src/js/config.js HTTP/1.1" 200 -
::1 - - [23/Jul/2025 18:51:25] "GET /src/js/hints.js HTTP/1.1" 200 -
::1 - - [23/Jul/2025 18:51:25] "GET /src/js/logger.js HTTP/1.1" 200 -
::1 - - [23/Jul/2025 18:51:25] code 404, message File not found
::1 - - [23/Jul/2025 18:51:25] "GET /favicon.ico HTTP/1.1" 404 -
::1 - - [23/Jul/2025 18:52:43] "GET / HTTP/1.1" 200 -
::1 - - [23/Jul/2025 18:52:43] "GET /src/css/main.css HTTP/1.1" 200 -
::1 - - [23/Jul/2025 18:52:43] "GET /src/css/variables.css HTTP/1.1" 200 -
::1 - - [23/Jul/2025 18:52:43] "GET /src/css/animations.css HTTP/1.1" 200 -
::1 - - [23/Jul/2025 18:52:43] "GET /src/data/words-database-compact.js HTTP/1.1" 200 -
::1 - - [23/Jul/2025 18:52:43] "GET /src/data/word-definitions.js HTTP/1.1" 200 -
::1 - - [23/Jul/2025 18:52:43] "GET /src/data/cornerstone-words.js HTTP/1.1" 200 -
::1 - - [23/Jul/2025 18:52:43] "GET /src/data/seed-words.js HTTP/1.1" 200 -
::1 - - [23/Jul/2025 18:52:43] "GET /src/js/ui.js HTTP/1.1" 200 -
::1 - - [23/Jul/2025 18:52:43] "GET /src/js/constants.js HTTP/1.1" 200 -
::1 - - [23/Jul/2025 18:52:43] "GET /src/js/wordFinder.js HTTP/1.1" 200 -
::1 - - [23/Jul/2025 18:52:43] "GET /src/js/game.js HTTP/1.1" 200 -
::1 - - [23/Jul/2025 18:52:43] "GET /src/js/main.js HTTP/1.1" 200 -
::1 - - [23/Jul/2025 18:52:43] "GET /src/js/config.js HTTP/1.1" 200 -
::1 - - [23/Jul/2025 18:52:43] "GET /src/js/hints.js HTTP/1.1" 200 -
::1 - - [23/Jul/2025 18:52:43] "GET /src/js/logger.js HTTP/1.1" 200 -
::1 - - [23/Jul/2025 18:52:43] code 404, message File not found
::1 - - [23/Jul/2025 18:52:43] "GET /favicon.ico HTTP/1.1" 404 -
::1 - - [23/Jul/2025 18:53:21] "GET / HTTP/1.1" 200 -
::1 - - [23/Jul/2025 18:53:21] "GET /src/css/main.css HTTP/1.1" 200 -
::1 - - [23/Jul/2025 18:53:21] "GET /src/css/variables.css HTTP/1.1" 200 -
::1 - - [23/Jul/2025 18:53:21] "GET /src/css/animations.css HTTP/1.1" 200 -
::1 - - [23/Jul/2025 18:53:21] "GET /src/data/words-database-compact.js HTTP/1.1" 200 -
::1 - - [23/Jul/2025 18:53:21] "GET /src/data/cornerstone-words.js HTTP/1.1" 200 -
::1 - - [23/Jul/2025 18:53:21] "GET /src/data/word-definitions.js HTTP/1.1" 200 -
::1 - - [23/Jul/2025 18:53:21] "GET /src/js/constants.js HTTP/1.1" 200 -
::1 - - [23/Jul/2025 18:53:21] "GET /src/data/seed-words.js HTTP/1.1" 200 -
::1 - - [23/Jul/2025 18:53:21] "GET /src/js/ui.js HTTP/1.1" 200 -
::1 - - [23/Jul/2025 18:53:21] "GET /src/js/wordFinder.js HTTP/1.1" 200 -
::1 - - [23/Jul/2025 18:53:21] "GET /src/js/game.js HTTP/1.1" 200 -
::1 - - [23/Jul/2025 18:53:21] "GET /src/js/main.js HTTP/1.1" 200 -
::1 - - [23/Jul/2025 18:53:21] "GET /src/js/config.js HTTP/1.1" 200 -
::1 - - [23/Jul/2025 18:53:21] "GET /src/js/hints.js HTTP/1.1" 200 -
::1 - - [23/Jul/2025 18:53:21] "GET /src/js/logger.js HTTP/1.1" 200 -
::1 - - [23/Jul/2025 18:53:21] code 404, message File not found
::1 - - [23/Jul/2025 18:53:21] "GET /favicon.ico HTTP/1.1" 404 -
::1 - - [23/Jul/2025 18:53:36] "GET / HTTP/1.1" 200 -
::1 - - [23/Jul/2025 18:53:36] "GET /src/css/variables.css HTTP/1.1" 200 -
::1 - - [23/Jul/2025 18:53:36] "GET /src/css/main.css HTTP/1.1" 200 -
::1 - - [23/Jul/2025 18:53:36] "GET /src/css/animations.css HTTP/1.1" 200 -
::1 - - [23/Jul/2025 18:53:36] "GET /src/data/words-database-compact.js HTTP/1.1" 200 -
::1 - - [23/Jul/2025 18:53:36] "GET /src/data/cornerstone-words.js HTTP/1.1" 200 -
::1 - - [23/Jul/2025 18:53:36] "GET /src/data/seed-words.js HTTP/1.1" 200 -
::1 - - [23/Jul/2025 18:53:36] "GET /src/data/word-definitions.js HTTP/1.1" 200 -
::1 - - [23/Jul/2025 18:53:36] "GET /src/js/constants.js HTTP/1.1" 200 -
::1 - - [23/Jul/2025 18:53:36] "GET /src/js/ui.js HTTP/1.1" 200 -
::1 - - [23/Jul/2025 18:53:36] "GET /src/js/wordFinder.js HTTP/1.1" 200 -
::1 - - [23/Jul/2025 18:53:36] "GET /src/js/game.js HTTP/1.1" 200 -
::1 - - [23/Jul/2025 18:53:36] "GET /src/js/main.js HTTP/1.1" 200 -
::1 - - [23/Jul/2025 18:53:36] "GET /src/js/config.js HTTP/1.1" 200 -
::1 - - [23/Jul/2025 18:53:36] "GET /src/js/hints.js HTTP/1.1" 200 -
::1 - - [23/Jul/2025 18:53:36] "GET /src/js/logger.js HTTP/1.1" 200 -
::1 - - [23/Jul/2025 18:53:36] code 404, message File not found
::1 - - [23/Jul/2025 18:53:36] "GET /favicon.ico HTTP/1.1" 404 -
::1 - - [23/Jul/2025 18:53:52] "GET / HTTP/1.1" 200 -
::1 - - [23/Jul/2025 18:53:52] "GET /src/css/variables.css HTTP/1.1" 200 -
::1 - - [23/Jul/2025 18:53:52] "GET /src/css/main.css HTTP/1.1" 200 -
::1 - - [23/Jul/2025 18:53:52] "GET /src/data/words-database-compact.js HTTP/1.1" 200 -
::1 - - [23/Jul/2025 18:53:52] "GET /src/css/animations.css HTTP/1.1" 200 -
::1 - - [23/Jul/2025 18:53:52] "GET /src/data/cornerstone-words.js HTTP/1.1" 200 -
::1 - - [23/Jul/2025 18:53:52] "GET /src/data/word-definitions.js HTTP/1.1" 200 -
::1 - - [23/Jul/2025 18:53:52] "GET /src/js/constants.js HTTP/1.1" 200 -
::1 - - [23/Jul/2025 18:53:52] "GET /src/data/seed-words.js HTTP/1.1" 200 -
::1 - - [23/Jul/2025 18:53:52] "GET /src/js/wordFinder.js HTTP/1.1" 200 -
::1 - - [23/Jul/2025 18:53:52] "GET /src/js/ui.js HTTP/1.1" 200 -
::1 - - [23/Jul/2025 18:53:52] "GET /src/js/main.js HTTP/1.1" 200 -
::1 - - [23/Jul/2025 18:53:52] "GET /src/js/game.js HTTP/1.1" 200 -
::1 - - [23/Jul/2025 18:53:52] "GET /src/js/config.js HTTP/1.1" 200 -
::1 - - [23/Jul/2025 18:53:52] "GET /src/js/hints.js HTTP/1.1" 200 -
::1 - - [23/Jul/2025 18:53:52] "GET /src/js/logger.js HTTP/1.1" 200 -
::1 - - [23/Jul/2025 18:53:53] code 404, message File not found
::1 - - [23/Jul/2025 18:53:53] "GET /favicon.ico HTTP/1.1" 404 -
::1 - - [23/Jul/2025 18:54:01] "GET / HTTP/1.1" 200 -
::1 - - [23/Jul/2025 18:54:22] "GET / HTTP/1.1" 200 -
